<?xml version="1.0" encoding="UTF-8"?>
<!-- Generated by org.testng.reporters.JUnitReportReporter -->
<testsuite skipped="0" hostname="DESKTOP-FFRREGV" name="com.bridgelabz.test.SidenavTest" tests="1" failures="0" timestamp="2020-05-12T11:30:35 BST" time="93.542" errors="0">
  <testcase name="sidenavTest" time="93.542" classname="com.bridgelabz.test.SidenavTest"/>
  <system-out/>
</testsuite> <!-- com.bridgelabz.test.SidenavTest -->
