<?xml version="1.0" encoding="UTF-8"?>
<!-- Generated by org.testng.reporters.JUnitReportReporter -->
<testsuite skipped="0" hostname="DESKTOP-FFRREGV" name="com.bridgelabz.test.UpdatePasswordTest" tests="1" failures="0" timestamp="2020-05-14T07:05:18 BST" time="57.422" errors="0">
  <testcase name="forgotAccount" time="57.422" classname="com.bridgelabz.test.UpdatePasswordTest"/>
  <system-out/>
</testsuite> <!-- com.bridgelabz.test.UpdatePasswordTest -->
