<?xml version="1.0" encoding="UTF-8"?>
<!-- Generated by org.testng.reporters.JUnitReportReporter -->
<testsuite skipped="0" hostname="DESKTOP-FFRREGV" name="com.bridgelabz.test.LabelServiceTest" tests="1" failures="0" timestamp="2020-05-20T12:48:24 BST" time="72.385" errors="0">
  <testcase name="deleteLabelTest" time="72.385" classname="com.bridgelabz.test.LabelServiceTest"/>
  <system-out/>
</testsuite> <!-- com.bridgelabz.test.LabelServiceTest -->
