<?xml version="1.0" encoding="UTF-8"?>
<!-- Generated by org.testng.reporters.JUnitReportReporter -->
<testsuite skipped="0" hostname="DESKTOP-FFRREGV" name="com.bridgelabz.test.NoteServiceTest" tests="2" failures="0" timestamp="2020-05-16T07:37:29 BST" time="256.717" errors="0">
  <testcase name="searchNoteTest" time="144.690" classname="com.bridgelabz.test.NoteServiceTest"/>
  <system-out/>
  <testcase name="createNote" time="112.027" classname="com.bridgelabz.test.NoteServiceTest"/>
  <system-out/>
</testsuite> <!-- com.bridgelabz.test.NoteServiceTest -->
