<?xml version="1.0" encoding="UTF-8"?>
<!-- Generated by org.testng.reporters.JUnitReportReporter -->
<testsuite skipped="0" hostname="DESKTOP-FFRREGV" name="com.bridgelabz.test.UpdatePasswordTest" tests="1" failures="0" timestamp="2020-05-11T07:30:56 BST" time="70.598" errors="0">
  <testcase name="updatePassword" time="70.598" classname="com.bridgelabz.test.UpdatePasswordTest"/>
  <system-out/>
</testsuite> <!-- com.bridgelabz.test.UpdatePasswordTest -->
