<?xml version="1.0" encoding="UTF-8"?>
<!-- Generated by org.testng.reporters.JUnitReportReporter -->
<testsuite skipped="0" hostname="DESKTOP-FFRREGV" name="com.bridgelabz.test.DashboardTest" tests="1" failures="0" timestamp="2020-05-16T07:42:32 BST" time="172.273" errors="0">
  <testcase name="dashboardTest" time="172.273" classname="com.bridgelabz.test.DashboardTest"/>
  <system-out/>
</testsuite> <!-- com.bridgelabz.test.DashboardTest -->
