<?xml version="1.0" encoding="UTF-8"?>
<!-- Generated by org.testng.reporters.JUnitReportReporter -->
<testsuite skipped="0" hostname="DESKTOP-FFRREGV" name="com.bridgelabz.test.NoteServiceTest" tests="9" failures="0" timestamp="2020-05-21T07:09:19 BST" time="593.210" errors="0">
  <testcase name="searchNoteTest" time="45.701" classname="com.bridgelabz.test.NoteServiceTest"/>
  <system-out/>
  <testcase name="createNote" time="77.368" classname="com.bridgelabz.test.NoteServiceTest"/>
  <system-out/>
  <testcase name="pinTesting" time="70.024" classname="com.bridgelabz.test.NoteServiceTest"/>
  <system-out/>
  <testcase name="addReminder" time="66.113" classname="com.bridgelabz.test.NoteServiceTest"/>
  <system-out/>
  <testcase name="addColloborator" time="49.322" classname="com.bridgelabz.test.NoteServiceTest"/>
  <system-out/>
  <testcase name="archieveNote" time="80.179" classname="com.bridgelabz.test.NoteServiceTest"/>
  <system-out/>
  <testcase name="addColor" time="61.122" classname="com.bridgelabz.test.NoteServiceTest"/>
  <system-out/>
  <testcase name="deleteNote" time="73.858" classname="com.bridgelabz.test.NoteServiceTest"/>
  <system-out/>
  <testcase name="updateNote" time="69.523" classname="com.bridgelabz.test.NoteServiceTest"/>
  <system-out/>
</testsuite> <!-- com.bridgelabz.test.NoteServiceTest -->
